<?xml version="1.0" encoding="UTF-8"?>
<!-- Generated by org.testng.reporters.JUnitReportReporter -->
<testsuite hostname="DESKTOP-9FN9274" failures="0" tests="1" name="tests.AutomationTest" time="34.821" errors="0" timestamp="2022-01-18T18:16:44 CET" skipped="0">
  <testcase classname="tests.AutomationTest" name="ProductTest" time="34.821"/>
  <system-out/>
</testsuite> <!-- tests.AutomationTest -->
